<?xml version="1.0" encoding="UTF-8"?>
<testsuite xmlns:xsi="http://www.w3.org/2001/XMLSchema-instance" xsi:noNamespaceSchemaLocation="https://maven.apache.org/surefire/maven-surefire-plugin/xsd/surefire-test-report.xsd" name="TestSuite" time="13.354" tests="6" errors="0" skipped="0" failures="1">
  <properties>
[...]
</properties>
  <testcase name="testConnection" classname="FugetronTest.FugetronTest.JDBCTest" time="0.2"/>
  <testcase name="getRequest" classname="FugetronTest.FugetronTest.RestAssuredTest" time="1.246"/>
  <testcase name="postRequest" classname="FugetronTest.FugetronTest.RestAssuredTest" time="0.382"/>
  <testcase name="verifyPageProperties" classname="FugetronTest.FugetronTest.GuruUITest" time="0.011"/>
  <testcase name="choseCompany" classname="FugetronTest.FugetronTest.GuruUITest" time="1.718"/>
  <testcase name="verifyCurrentPrice" classname="FugetronTest.FugetronTest.GuruUITest" time="0.052">
    <failure message="expected [900.0] but found [995.5999755859375]" type="java.lang.AssertionError">java.lang.AssertionError: expected [900.0] but found [995.5999755859375]
	at FugetronTest.FugetronTest.GuruUITest.verifyCurrentPrice(GuruUITest.java:60)
</failure>
  </testcase>
</testsuite>