-------------------------------------------------------------------------------
Test set: TestSuite
-------------------------------------------------------------------------------
Tests run: 6, Failures: 1, Errors: 0, Skipped: 0, Time elapsed: 13.354 s <<< FAILURE! - in TestSuite
verifyCurrentPrice(FugetronTest.FugetronTest.GuruUITest)  Time elapsed: 0.052 s  <<< FAILURE!
java.lang.AssertionError: expected [900.0] but found [995.5999755859375]
	at FugetronTest.FugetronTest.GuruUITest.verifyCurrentPrice(GuruUITest.java:60)

